# JRE version: OpenJDK Runtime Environment (17.0.11) (build 17.0.11+0--11852314)
# Java VM: OpenJDK 64-Bit Server VM (17.0.11+0--11852314, mixed mode, tiered, compressed oops, compressed class ptrs, g1 gc, windows-amd64)
GC Precious Log:
 CPUs: 12 total, 12 available
 Memory: 7498M
 Large Page Support: Disabled
 NUMA Support: Disabled
 Compressed Oops: Enabled (32-bit)
 Heap Region Size: 1M
 Heap Min Capacity: 8M
 Heap Initial Capacity: 118M
 Heap Max Capacity: 2G
 Pre-touch: Disabled
 Parallel Workers: 10
 Concurrent Workers: 3
 Concurrent Refinement Workers: 10
 Periodic GC: Disabled
Heap:
 garbage-first heap   total 137216K, used 72076K [0x0000000080000000, 0x0000000100000000)
  region size 1024K, 32 young (32768K), 6 survivors (6144K)
 Metaspace       used 57812K, committed 58304K, reserved 1114112K
  class space    used 7824K, committed 8064K, reserved 1048576K
GC Heap History (20 events):
Event: 5.514 GC heap before
{Heap before GC invocations=4 (full 0):
 garbage-first heap   total 68608K, used 51888K [0x0000000080000000, 0x0000000100000000)
  region size 1024K, 40 young (40960K), 8 survivors (8192K)
 Metaspace       used 26382K, committed 26624K, reserved 1114112K
  class space    used 3358K, committed 3456K, reserved 1048576K
}
Event: 5.520 GC heap after
{Heap after GC invocations=5 (full 0):
 garbage-first heap   total 68608K, used 20779K [0x0000000080000000, 0x0000000100000000)
  region size 1024K, 2 young (2048K), 2 survivors (2048K)
 Metaspace       used 26382K, committed 26624K, reserved 1114112K
  class space    used 3358K, committed 3456K, reserved 1048576K
}
Event: 5.559 GC heap before
{Heap before GC invocations=5 (full 0):
 garbage-first heap   total 68608K, used 21803K [0x0000000080000000, 0x0000000100000000)
  region size 1024K, 3 young (3072K), 2 survivors (2048K)
 Metaspace       used 26496K, committed 26816K, reserved 1114112K
  class space    used 3381K, committed 3520K, reserved 1048576K
}
Event: 5.562 GC heap after
{Heap after GC invocations=6 (full 0):
 garbage-first heap   total 68608K, used 21117K [0x0000000080000000, 0x0000000100000000)
  region size 1024K, 1 young (1024K), 1 survivors (1024K)
 Metaspace       used 26496K, committed 26816K, reserved 1114112K
  class space    used 3381K, committed 3520K, reserved 1048576K
}
Event: 6.365 GC heap before
{Heap before GC invocations=6 (full 0):
 garbage-first heap   total 68608K, used 47741K [0x0000000080000000, 0x0000000100000000)
  region size 1024K, 27 young (27648K), 1 survivors (1024K)
 Metaspace       used 30022K, committed 30400K, reserved 1114112K
  class space    used 3961K, committed 4160K, reserved 1048576K
}
Event: 6.368 GC heap after
{Heap after GC invocations=7 (full 0):
 garbage-first heap   total 68608K, used 22477K [0x0000000080000000, 0x0000000100000000)
  region size 1024K, 2 young (2048K), 2 survivors (2048K)
 Metaspace       used 30022K, committed 30400K, reserved 1114112K
  class space    used 3961K, committed 4160K, reserved 1048576K
}
Event: 7.075 GC heap before
{Heap before GC invocations=7 (full 0):
 garbage-first heap   total 68608K, used 49101K [0x0000000080000000, 0x0000000100000000)
  region size 1024K, 29 young (29696K), 2 survivors (2048K)
 Metaspace       used 33517K, committed 33856K, reserved 1114112K
  class space    used 4548K, committed 4736K, reserved 1048576K
}
Event: 7.078 GC heap after
{Heap after GC invocations=8 (full 0):
 garbage-first heap   total 68608K, used 23646K [0x0000000080000000, 0x0000000100000000)
  region size 1024K, 3 young (3072K), 3 survivors (3072K)
 Metaspace       used 33517K, committed 33856K, reserved 1114112K
  class space    used 4548K, committed 4736K, reserved 1048576K
}
Event: 7.598 GC heap before
{Heap before GC invocations=8 (full 0):
 garbage-first heap   total 68608K, used 36958K [0x0000000080000000, 0x0000000100000000)
  region size 1024K, 18 young (18432K), 3 survivors (3072K)
 Metaspace       used 35658K, committed 35968K, reserved 1114112K
  class space    used 4854K, committed 4992K, reserved 1048576K
}
Event: 7.603 GC heap after
{Heap after GC invocations=9 (full 0):
 garbage-first heap   total 68608K, used 24333K [0x0000000080000000, 0x0000000100000000)
  region size 1024K, 2 young (2048K), 2 survivors (2048K)
 Metaspace       used 35658K, committed 35968K, reserved 1114112K
  class space    used 4854K, committed 4992K, reserved 1048576K
}
Event: 8.468 GC heap before
{Heap before GC invocations=10 (full 0):
 garbage-first heap   total 68608K, used 51981K [0x0000000080000000, 0x0000000100000000)
  region size 1024K, 30 young (30720K), 2 survivors (2048K)
 Metaspace       used 41318K, committed 41664K, reserved 1114112K
  class space    used 5473K, committed 5632K, reserved 1048576K
}
Event: 8.475 GC heap after
{Heap after GC invocations=11 (full 0):
 garbage-first heap   total 68608K, used 28120K [0x0000000080000000, 0x0000000100000000)
  region size 1024K, 4 young (4096K), 4 survivors (4096K)
 Metaspace       used 41318K, committed 41664K, reserved 1114112K
  class space    used 5473K, committed 5632K, reserved 1048576K
}
Event: 8.482 GC heap before
{Heap before GC invocations=11 (full 0):
 garbage-first heap   total 68608K, used 29144K [0x0000000080000000, 0x0000000100000000)
  region size 1024K, 5 young (5120K), 4 survivors (4096K)
 Metaspace       used 41320K, committed 41664K, reserved 1114112K
  class space    used 5473K, committed 5632K, reserved 1048576K
}
Event: 8.486 GC heap after
{Heap after GC invocations=12 (full 0):
 garbage-first heap   total 68608K, used 28376K [0x0000000080000000, 0x0000000100000000)
  region size 1024K, 1 young (1024K), 1 survivors (1024K)
 Metaspace       used 41320K, committed 41664K, reserved 1114112K
  class space    used 5473K, committed 5632K, reserved 1048576K
}
Event: 8.938 GC heap before
{Heap before GC invocations=12 (full 0):
 garbage-first heap   total 68608K, used 51928K [0x0000000080000000, 0x0000000100000000)
  region size 1024K, 24 young (24576K), 1 survivors (1024K)
 Metaspace       used 43240K, committed 43648K, reserved 1114112K
  class space    used 5792K, committed 5952K, reserved 1048576K
}
Event: 8.942 GC heap after
{Heap after GC invocations=13 (full 0):
 garbage-first heap   total 137216K, used 30616K [0x0000000080000000, 0x0000000100000000)
  region size 1024K, 3 young (3072K), 3 survivors (3072K)
 Metaspace       used 43240K, committed 43648K, reserved 1114112K
  class space    used 5792K, committed 5952K, reserved 1048576K
}
Event: 11.063 GC heap before
{Heap before GC invocations=13 (full 0):
 garbage-first heap   total 137216K, used 107416K [0x0000000080000000, 0x0000000100000000)
  region size 1024K, 73 young (74752K), 3 survivors (3072K)
 Metaspace       used 51194K, committed 51584K, reserved 1114112K
  class space    used 6934K, committed 7104K, reserved 1048576K
}
Event: 11.070 GC heap after
{Heap after GC invocations=14 (full 0):
 garbage-first heap   total 137216K, used 36065K [0x0000000080000000, 0x0000000100000000)
  region size 1024K, 8 young (8192K), 8 survivors (8192K)
 Metaspace       used 51194K, committed 51584K, reserved 1114112K
  class space    used 6934K, committed 7104K, reserved 1048576K
}
Event: 12.914 GC heap before
{Heap before GC invocations=14 (full 0):
 garbage-first heap   total 137216K, used 102625K [0x0000000080000000, 0x0000000100000000)
  region size 1024K, 72 young (73728K), 8 survivors (8192K)
 Metaspace       used 57327K, committed 57792K, reserved 1114112K
  class space    used 7781K, committed 8000K, reserved 1048576K
}
Event: 12.923 GC heap after
{Heap after GC invocations=15 (full 0):
 garbage-first heap   total 137216K, used 41356K [0x0000000080000000, 0x0000000100000000)
  region size 1024K, 6 young (6144K), 6 survivors (6144K)
 Metaspace       used 57327K, committed 57792K, reserved 1114112K
  class space    used 7781K, committed 8000K, reserved 1048576K
}

